2025-05-25 22:39:01 | Attempting to delete reservation ID: 1 for user ID: 1
2025-05-25 22:39:01 | Reservation ID: 1 deleted successfully
2025-05-25 22:43:41 | Fetching profile for user_id: 1
2025-05-25 22:43:41 | Fetched 0 reservations for user_id: 1
2025-05-25 22:43:45 | Fetching profile for user_id: 1
2025-05-25 22:43:45 | Fetched 0 reservations for user_id: 1
2025-05-25 22:44:00 | Fetching profile for user_id: 2
2025-05-25 22:44:00 | Fetched 1 reservations for user_id: 2
2025-05-25 22:44:04 | Fetching profile for user_id: 2
2025-05-25 22:44:04 | Fetched 1 reservations for user_id: 2
2025-05-25 22:44:04 | Attempting to delete reservation ID: 1 for user ID: 2
2025-05-25 22:44:04 | Reservation ID: 1 deleted successfully
2025-05-25 22:44:04 | Fetching profile for user_id: 2
2025-05-25 22:44:04 | Fetched 0 reservations for user_id: 2
2025-05-25 23:07:01 | Email input: liza
2025-05-25 23:07:01 | Email validation failed: Invalid format (liza)
2025-05-25 23:07:19 | Email input: liza@
2025-05-25 23:07:19 | Email validation failed: Invalid format (liza@)
2025-05-25 23:15:31 | Fetching profile for user_id: 1
2025-05-25 23:15:31 | Fetched 3 reservations for user_id: 1
2025-05-26 15:41:48 | Email input: esrino@gmail.com
2025-05-26 15:41:48 | User inserted: esrino@gmail.com
2025-05-26 15:43:17 | Fetching profile for user_id: 4
2025-05-26 15:43:17 | Fetched 0 reservations for user_id: 4
2025-05-26 15:43:24 | Fetching profile for user_id: 4
2025-05-26 15:43:24 | Fetched 0 reservations for user_id: 4
2025-05-26 15:43:30 | Fetching profile for user_id: 4
2025-05-26 15:43:30 | Fetched 0 reservations for user_id: 4
2025-05-26 15:43:58 | Fetching profile for user_id: 4
2025-05-26 15:43:58 | Fetched 0 reservations for user_id: 4
2025-05-26 15:57:28 | Fetching profile for user_id: 4
2025-05-26 15:57:28 | Fetched 0 reservations for user_id: 4
2025-05-26 15:57:37 | Fetching profile for user_id: 4
2025-05-26 15:57:37 | Fetched 0 reservations for user_id: 4
2025-05-26 15:58:11 | Fetching profile for user_id: 4
2025-05-26 15:58:11 | Fetched 0 reservations for user_id: 4
2025-05-26 15:58:48 | Fetching profile for user_id: 1
2025-05-26 15:58:48 | Fetched 3 reservations for user_id: 1
2025-05-26 15:59:37 | Fetching profile for user_id: 1
2025-05-26 15:59:37 | Fetched 3 reservations for user_id: 1
2025-05-26 16:17:56 | Fetching profile for user_id: 1
2025-05-26 16:17:56 | User not found for user_id: 1
2025-05-26 16:18:32 | Email input: mjau@gmail.com
2025-05-26 16:18:32 | User inserted: mjau@gmail.com
2025-05-26 16:21:43 | Fetching profile for user_id: 1
2025-05-26 16:21:43 | Fetched 0 reservations for user_id: 1
2025-05-26 17:26:53 | Fetching profile for user_id: 1
2025-05-26 17:26:53 | Fetched 0 reservations for user_id: 1
